# JRE version: Java(TM) SE Runtime Environment (8.0_202-b08) (build 1.8.0_202-b08)
# Java VM: Java HotSpot(TM) 64-Bit Server VM (25.202-b08 mixed mode windows-amd64 compressed oops)
Heap:
 PSYoungGen      total 75264K, used 42050K [0x000000076c180000, 0x0000000771580000, 0x00000007c0000000)
  eden space 64512K, 49% used [0x000000076c180000,0x000000076e097b48,0x0000000770080000)
  from space 10752K, 94% used [0x0000000770b00000,0x00000007714f8d50,0x0000000771580000)
  to   space 10752K, 0% used [0x0000000770080000,0x0000000770080000,0x0000000770b00000)
 ParOldGen       total 172032K, used 23039K [0x00000006c4400000, 0x00000006cec00000, 0x000000076c180000)
  object space 172032K, 13% used [0x00000006c4400000,0x00000006c5a7fcb8,0x00000006cec00000)
 Metaspace       used 18699K, capacity 19102K, committed 19328K, reserved 1067008K
  class space    used 2218K, capacity 2327K, committed 2432K, reserved 1048576K
GC Heap History (10 events):
Event: 1.233 GC heap before
{Heap before GC invocations=4 (full 0):
 PSYoungGen      total 75264K, used 75232K [0x000000076c180000, 0x0000000771580000, 0x00000007c0000000)
  eden space 64512K, 100% used [0x000000076c180000,0x0000000770080000,0x0000000770080000)
  from space 10752K, 99% used [0x0000000770080000,0x0000000770af8040,0x0000000770b00000)
  to   space 10752K, 0% used [0x0000000770b00000,0x0000000770b00000,0x0000000771580000)
 ParOldGen       total 172032K, used 3665K [0x00000006c4400000, 0x00000006cec00000, 0x000000076c180000)
  object space 172032K, 2% used [0x00000006c4400000,0x00000006c47947f8,0x00000006cec00000)
 Metaspace       used 12515K, capacity 12750K, committed 12928K, reserved 1060864K
  class space    used 1488K, capacity 1577K, committed 1664K, reserved 1048576K
Event: 1.238 GC heap after
Heap after GC invocations=4 (full 0):
 PSYoungGen      total 75264K, used 10736K [0x000000076c180000, 0x0000000771580000, 0x00000007c0000000)
  eden space 64512K, 0% used [0x000000076c180000,0x000000076c180000,0x0000000770080000)
  from space 10752K, 99% used [0x0000000770b00000,0x000000077157c030,0x0000000771580000)
  to   space 10752K, 0% used [0x0000000770080000,0x0000000770080000,0x0000000770b00000)
 ParOldGen       total 172032K, used 6417K [0x00000006c4400000, 0x00000006cec00000, 0x000000076c180000)
  object space 172032K, 3% used [0x00000006c4400000,0x00000006c4a447f8,0x00000006cec00000)
 Metaspace       used 12515K, capacity 12750K, committed 12928K, reserved 1060864K
  class space    used 1488K, capacity 1577K, committed 1664K, reserved 1048576K
}
Event: 1.551 GC heap before
{Heap before GC invocations=5 (full 0):
 PSYoungGen      total 75264K, used 75248K [0x000000076c180000, 0x0000000771580000, 0x00000007c0000000)
  eden space 64512K, 100% used [0x000000076c180000,0x0000000770080000,0x0000000770080000)
  from space 10752K, 99% used [0x0000000770b00000,0x000000077157c030,0x0000000771580000)
  to   space 10752K, 0% used [0x0000000770080000,0x0000000770080000,0x0000000770b00000)
 ParOldGen       total 172032K, used 6417K [0x00000006c4400000, 0x00000006cec00000, 0x000000076c180000)
  object space 172032K, 3% used [0x00000006c4400000,0x00000006c4a447f8,0x00000006cec00000)
 Metaspace       used 12945K, capacity 13252K, committed 13440K, reserved 1060864K
  class space    used 1530K, capacity 1616K, committed 1664K, reserved 1048576K
Event: 1.559 GC heap after
Heap after GC invocations=5 (full 0):
 PSYoungGen      total 75264K, used 10736K [0x000000076c180000, 0x0000000771580000, 0x00000007c0000000)
  eden space 64512K, 0% used [0x000000076c180000,0x000000076c180000,0x0000000770080000)
  from space 10752K, 99% used [0x0000000770080000,0x0000000770afc010,0x0000000770b00000)
  to   space 10752K, 0% used [0x0000000770b00000,0x0000000770b00000,0x0000000771580000)
 ParOldGen       total 172032K, used 11162K [0x00000006c4400000, 0x00000006cec00000, 0x000000076c180000)
  object space 172032K, 6% used [0x00000006c4400000,0x00000006c4ee6830,0x00000006cec00000)
 Metaspace       used 12945K, capacity 13252K, committed 13440K, reserved 1060864K
  class space    used 1530K, capacity 1616K, committed 1664K, reserved 1048576K
}
Event: 1.855 GC heap before
{Heap before GC invocations=6 (full 0):
 PSYoungGen      total 75264K, used 75248K [0x000000076c180000, 0x0000000771580000, 0x00000007c0000000)
  eden space 64512K, 100% used [0x000000076c180000,0x0000000770080000,0x0000000770080000)
  from space 10752K, 99% used [0x0000000770080000,0x0000000770afc010,0x0000000770b00000)
  to   space 10752K, 0% used [0x0000000770b00000,0x0000000770b00000,0x0000000771580000)
 ParOldGen       total 172032K, used 11162K [0x00000006c4400000, 0x00000006cec00000, 0x000000076c180000)
  object space 172032K, 6% used [0x00000006c4400000,0x00000006c4ee6830,0x00000006cec00000)
 Metaspace       used 13148K, capacity 13398K, committed 13696K, reserved 1060864K
  class space    used 1533K, capacity 1619K, committed 1664K, reserved 1048576K
Event: 1.862 GC heap after
Heap after GC invocations=6 (full 0):
 PSYoungGen      total 75264K, used 10736K [0x000000076c180000, 0x0000000771580000, 0x00000007c0000000)
  eden space 64512K, 0% used [0x000000076c180000,0x000000076c180000,0x0000000770080000)
  from space 10752K, 99% used [0x0000000770b00000,0x000000077157c010,0x0000000771580000)
  to   space 10752K, 0% used [0x0000000770080000,0x0000000770080000,0x0000000770b00000)
 ParOldGen       total 172032K, used 15115K [0x00000006c4400000, 0x00000006cec00000, 0x000000076c180000)
  object space 172032K, 8% used [0x00000006c4400000,0x00000006c52c2ee0,0x00000006cec00000)
 Metaspace       used 13148K, capacity 13398K, committed 13696K, reserved 1060864K
  class space    used 1533K, capacity 1619K, committed 1664K, reserved 1048576K
}
Event: 2.082 GC heap before
{Heap before GC invocations=7 (full 0):
 PSYoungGen      total 75264K, used 75248K [0x000000076c180000, 0x0000000771580000, 0x00000007c0000000)
  eden space 64512K, 100% used [0x000000076c180000,0x0000000770080000,0x0000000770080000)
  from space 10752K, 99% used [0x0000000770b00000,0x000000077157c010,0x0000000771580000)
  to   space 10752K, 0% used [0x0000000770080000,0x0000000770080000,0x0000000770b00000)
 ParOldGen       total 172032K, used 15115K [0x00000006c4400000, 0x00000006cec00000, 0x000000076c180000)
  object space 172032K, 8% used [0x00000006c4400000,0x00000006c52c2ee0,0x00000006cec00000)
 Metaspace       used 13335K, capacity 13602K, committed 13696K, reserved 1060864K
  class space    used 1534K, capacity 1621K, committed 1664K, reserved 1048576K
Event: 2.089 GC heap after
Heap after GC invocations=7 (full 0):
 PSYoungGen      total 75264K, used 9808K [0x000000076c180000, 0x0000000771580000, 0x00000007c0000000)
  eden space 64512K, 0% used [0x000000076c180000,0x000000076c180000,0x0000000770080000)
  from space 10752K, 91% used [0x0000000770080000,0x0000000770a14030,0x0000000770b00000)
  to   space 10752K, 0% used [0x0000000770b00000,0x0000000770b00000,0x0000000771580000)
 ParOldGen       total 172032K, used 19521K [0x00000006c4400000, 0x00000006cec00000, 0x000000076c180000)
  object space 172032K, 11% used [0x00000006c4400000,0x00000006c5710750,0x00000006cec00000)
 Metaspace       used 13335K, capacity 13602K, committed 13696K, reserved 1060864K
  class space    used 1534K, capacity 1621K, committed 1664K, reserved 1048576K
}
Event: 2.742 GC heap before
{Heap before GC invocations=8 (full 0):
 PSYoungGen      total 75264K, used 74320K [0x000000076c180000, 0x0000000771580000, 0x00000007c0000000)
  eden space 64512K, 100% used [0x000000076c180000,0x0000000770080000,0x0000000770080000)
  from space 10752K, 91% used [0x0000000770080000,0x0000000770a14030,0x0000000770b00000)
  to   space 10752K, 0% used [0x0000000770b00000,0x0000000770b00000,0x0000000771580000)
 ParOldGen       total 172032K, used 19521K [0x00000006c4400000, 0x00000006cec00000, 0x000000076c180000)
  object space 172032K, 11% used [0x00000006c4400000,0x00000006c5710750,0x00000006cec00000)
 Metaspace       used 14689K, capacity 15006K, committed 15104K, reserved 1062912K
  class space    used 1681K, capacity 1767K, committed 1792K, reserved 1048576K
Event: 2.747 GC heap after
Heap after GC invocations=8 (full 0):
 PSYoungGen      total 75264K, used 10211K [0x000000076c180000, 0x0000000771580000, 0x00000007c0000000)
  eden space 64512K, 0% used [0x000000076c180000,0x000000076c180000,0x0000000770080000)
  from space 10752K, 94% used [0x0000000770b00000,0x00000007714f8d50,0x0000000771580000)
  to   space 10752K, 0% used [0x0000000770080000,0x0000000770080000,0x0000000770b00000)
 ParOldGen       total 172032K, used 23039K [0x00000006c4400000, 0x00000006cec00000, 0x000000076c180000)
  object space 172032K, 13% used [0x00000006c4400000,0x00000006c5a7fcb8,0x00000006cec00000)
 Metaspace       used 14689K, capacity 15006K, committed 15104K, reserved 1062912K
  class space    used 1681K, capacity 1767K, committed 1792K, reserved 1048576K
}

