# JRE version: Java(TM) SE Runtime Environment (8.0_202-b08) (build 1.8.0_202-b08)
# Java VM: Java HotSpot(TM) 64-Bit Server VM (25.202-b08 mixed mode windows-amd64 compressed oops)
Heap:
 PSYoungGen      total 114176K, used 11355K [0x000000076c180000, 0x0000000773c80000, 0x00000007c0000000)
  eden space 103936K, 10% used [0x000000076c180000,0x000000076cc96d38,0x0000000772700000)
  from space 10240K, 0% used [0x0000000772700000,0x0000000772700000,0x0000000773100000)
  to   space 8704K, 0% used [0x0000000773100000,0x0000000773100000,0x0000000773980000)
 ParOldGen       total 135680K, used 15070K [0x00000006c4400000, 0x00000006cc880000, 0x000000076c180000)
  object space 135680K, 11% used [0x00000006c4400000,0x00000006c52b7bd8,0x00000006cc880000)
 Metaspace       used 34563K, capacity 36396K, committed 36520K, reserved 1081344K
  class space    used 4578K, capacity 4929K, committed 5040K, reserved 1048576K
GC Heap History (10 events):
Event: 6.992 GC heap before
{Heap before GC invocations=5 (full 1):
 PSYoungGen      total 75264K, used 64512K [0x000000076c180000, 0x0000000771580000, 0x00000007c0000000)
  eden space 64512K, 100% used [0x000000076c180000,0x0000000770080000,0x0000000770080000)
  from space 10752K, 0% used [0x0000000770080000,0x0000000770080000,0x0000000770b00000)
  to   space 10752K, 0% used [0x0000000770b00000,0x0000000770b00000,0x0000000771580000)
 ParOldGen       total 92160K, used 7614K [0x00000006c4400000, 0x00000006c9e00000, 0x000000076c180000)
  object space 92160K, 8% used [0x00000006c4400000,0x00000006c4b6f820,0x00000006c9e00000)
 Metaspace       used 24775K, capacity 25816K, committed 26032K, reserved 1071104K
  class space    used 3243K, capacity 3471K, committed 3504K, reserved 1048576K
Event: 6.995 GC heap after
Heap after GC invocations=5 (full 1):
 PSYoungGen      total 75264K, used 7761K [0x000000076c180000, 0x0000000773e00000, 0x00000007c0000000)
  eden space 64512K, 0% used [0x000000076c180000,0x000000076c180000,0x0000000770080000)
  from space 10752K, 72% used [0x0000000770b00000,0x0000000771294418,0x0000000771580000)
  to   space 10752K, 0% used [0x0000000770080000,0x0000000770080000,0x0000000770b00000)
 ParOldGen       total 92160K, used 7622K [0x00000006c4400000, 0x00000006c9e00000, 0x000000076c180000)
  object space 92160K, 8% used [0x00000006c4400000,0x00000006c4b71820,0x00000006c9e00000)
 Metaspace       used 24775K, capacity 25816K, committed 26032K, reserved 1071104K
  class space    used 3243K, capacity 3471K, committed 3504K, reserved 1048576K
}
Event: 7.459 GC heap before
{Heap before GC invocations=6 (full 1):
 PSYoungGen      total 75264K, used 72273K [0x000000076c180000, 0x0000000773e00000, 0x00000007c0000000)
  eden space 64512K, 100% used [0x000000076c180000,0x0000000770080000,0x0000000770080000)
  from space 10752K, 72% used [0x0000000770b00000,0x0000000771294418,0x0000000771580000)
  to   space 10752K, 0% used [0x0000000770080000,0x0000000770080000,0x0000000770b00000)
 ParOldGen       total 92160K, used 7622K [0x00000006c4400000, 0x00000006c9e00000, 0x000000076c180000)
  object space 92160K, 8% used [0x00000006c4400000,0x00000006c4b71820,0x00000006c9e00000)
 Metaspace       used 27309K, capacity 28490K, committed 28720K, reserved 1075200K
  class space    used 3558K, capacity 3836K, committed 3888K, reserved 1048576K
Event: 7.462 GC heap after
Heap after GC invocations=6 (full 1):
 PSYoungGen      total 75264K, used 8255K [0x000000076c180000, 0x0000000773980000, 0x00000007c0000000)
  eden space 64512K, 0% used [0x000000076c180000,0x000000076c180000,0x0000000770080000)
  from space 10752K, 76% used [0x0000000770080000,0x000000077088ff40,0x0000000770b00000)
  to   space 8704K, 0% used [0x0000000773100000,0x0000000773100000,0x0000000773980000)
 ParOldGen       total 92160K, used 7630K [0x00000006c4400000, 0x00000006c9e00000, 0x000000076c180000)
  object space 92160K, 8% used [0x00000006c4400000,0x00000006c4b73820,0x00000006c9e00000)
 Metaspace       used 27309K, capacity 28490K, committed 28720K, reserved 1075200K
  class space    used 3558K, capacity 3836K, committed 3888K, reserved 1048576K
}
Event: 8.395 GC heap before
{Heap before GC invocations=7 (full 1):
 PSYoungGen      total 75264K, used 72767K [0x000000076c180000, 0x0000000773980000, 0x00000007c0000000)
  eden space 64512K, 100% used [0x000000076c180000,0x0000000770080000,0x0000000770080000)
  from space 10752K, 76% used [0x0000000770080000,0x000000077088ff40,0x0000000770b00000)
  to   space 8704K, 0% used [0x0000000773100000,0x0000000773100000,0x0000000773980000)
 ParOldGen       total 92160K, used 7630K [0x00000006c4400000, 0x00000006c9e00000, 0x000000076c180000)
  object space 92160K, 8% used [0x00000006c4400000,0x00000006c4b73820,0x00000006c9e00000)
 Metaspace       used 31587K, capacity 33274K, committed 33456K, reserved 1079296K
  class space    used 4203K, capacity 4498K, committed 4528K, reserved 1048576K
Event: 8.403 GC heap after
Heap after GC invocations=7 (full 1):
 PSYoungGen      total 112640K, used 8685K [0x000000076c180000, 0x0000000773c80000, 0x00000007c0000000)
  eden space 103936K, 0% used [0x000000076c180000,0x000000076c180000,0x0000000772700000)
  from space 8704K, 99% used [0x0000000773100000,0x000000077397b6b0,0x0000000773980000)
  to   space 10240K, 0% used [0x0000000772700000,0x0000000772700000,0x0000000773100000)
 ParOldGen       total 92160K, used 9721K [0x00000006c4400000, 0x00000006c9e00000, 0x000000076c180000)
  object space 92160K, 10% used [0x00000006c4400000,0x00000006c4d7e6f8,0x00000006c9e00000)
 Metaspace       used 31587K, capacity 33274K, committed 33456K, reserved 1079296K
  class space    used 4203K, capacity 4498K, committed 4528K, reserved 1048576K
}
Event: 8.729 GC heap before
{Heap before GC invocations=8 (full 1):
 PSYoungGen      total 112640K, used 40329K [0x000000076c180000, 0x0000000773c80000, 0x00000007c0000000)
  eden space 103936K, 30% used [0x000000076c180000,0x000000076e067068,0x0000000772700000)
  from space 8704K, 99% used [0x0000000773100000,0x000000077397b6b0,0x0000000773980000)
  to   space 10240K, 0% used [0x0000000772700000,0x0000000772700000,0x0000000773100000)
 ParOldGen       total 92160K, used 9721K [0x00000006c4400000, 0x00000006c9e00000, 0x000000076c180000)
  object space 92160K, 10% used [0x00000006c4400000,0x00000006c4d7e6f8,0x00000006c9e00000)
 Metaspace       used 33727K, capacity 35390K, committed 35496K, reserved 1079296K
  class space    used 4416K, capacity 4730K, committed 4784K, reserved 1048576K
Event: 10.748 GC heap after
Heap after GC invocations=8 (full 1):
 PSYoungGen      total 114176K, used 10217K [0x000000076c180000, 0x0000000773c80000, 0x00000007c0000000)
  eden space 103936K, 0% used [0x000000076c180000,0x000000076c180000,0x0000000772700000)
  from space 10240K, 99% used [0x0000000772700000,0x00000007730fa4c0,0x0000000773100000)
  to   space 8704K, 0% used [0x0000000773100000,0x0000000773100000,0x0000000773980000)
 ParOldGen       total 92160K, used 9749K [0x00000006c4400000, 0x00000006c9e00000, 0x000000076c180000)
  object space 92160K, 10% used [0x00000006c4400000,0x00000006c4d85638,0x00000006c9e00000)
 Metaspace       used 33727K, capacity 35390K, committed 35496K, reserved 1079296K
  class space    used 4416K, capacity 4730K, committed 4784K, reserved 1048576K
}
Event: 10.748 GC heap before
{Heap before GC invocations=9 (full 2):
 PSYoungGen      total 114176K, used 10217K [0x000000076c180000, 0x0000000773c80000, 0x00000007c0000000)
  eden space 103936K, 0% used [0x000000076c180000,0x000000076c180000,0x0000000772700000)
  from space 10240K, 99% used [0x0000000772700000,0x00000007730fa4c0,0x0000000773100000)
  to   space 8704K, 0% used [0x0000000773100000,0x0000000773100000,0x0000000773980000)
 ParOldGen       total 92160K, used 9749K [0x00000006c4400000, 0x00000006c9e00000, 0x000000076c180000)
  object space 92160K, 10% used [0x00000006c4400000,0x00000006c4d85638,0x00000006c9e00000)
 Metaspace       used 33727K, capacity 35390K, committed 35496K, reserved 1079296K
  class space    used 4416K, capacity 4730K, committed 4784K, reserved 1048576K
Event: 10.794 GC heap after
Heap after GC invocations=9 (full 2):
 PSYoungGen      total 114176K, used 0K [0x000000076c180000, 0x0000000773c80000, 0x00000007c0000000)
  eden space 103936K, 0% used [0x000000076c180000,0x000000076c180000,0x0000000772700000)
  from space 10240K, 0% used [0x0000000772700000,0x0000000772700000,0x0000000773100000)
  to   space 8704K, 0% used [0x0000000773100000,0x0000000773100000,0x0000000773980000)
 ParOldGen       total 135680K, used 15070K [0x00000006c4400000, 0x00000006cc880000, 0x000000076c180000)
  object space 135680K, 11% used [0x00000006c4400000,0x00000006c52b7bd8,0x00000006cc880000)
 Metaspace       used 33727K, capacity 35390K, committed 35496K, reserved 1079296K
  class space    used 4416K, capacity 4730K, committed 4784K, reserved 1048576K
}

