# JRE version: Java(TM) SE Runtime Environment (8.0_202-b08) (build 1.8.0_202-b08)
# Java VM: Java HotSpot(TM) 64-Bit Server VM (25.202-b08 mixed mode windows-amd64 compressed oops)
Heap:
 PSYoungGen      total 164352K, used 116043K [0x000000076bd00000, 0x000000077da00000, 0x00000007c0000000)
  eden space 153088K, 68% used [0x000000076bd00000,0x000000077235a0d8,0x0000000775280000)
  from space 11264K, 99% used [0x0000000776a80000,0x0000000777578d78,0x0000000777580000)
  to   space 24576K, 0% used [0x0000000775280000,0x0000000775280000,0x0000000776a80000)
 ParOldGen       total 146432K, used 42058K [0x00000006c3600000, 0x00000006cc500000, 0x000000076bd00000)
  object space 146432K, 28% used [0x00000006c3600000,0x00000006c5f129c8,0x00000006cc500000)
 Metaspace       used 42726K, capacity 45274K, committed 45608K, reserved 1089536K
  class space    used 5654K, capacity 6110K, committed 6192K, reserved 1048576K
GC Heap History (10 events):
Event: 3.288 GC heap before
{Heap before GC invocations=6 (full 1):
 PSYoungGen      total 113152K, used 112744K [0x000000076bd00000, 0x0000000774e80000, 0x00000007c0000000)
  eden space 104960K, 100% used [0x000000076bd00000,0x0000000772380000,0x0000000772380000)
  from space 8192K, 95% used [0x0000000774680000,0x0000000774e1a188,0x0000000774e80000)
  to   space 10752K, 0% used [0x0000000773980000,0x0000000773980000,0x0000000774400000)
 ParOldGen       total 95232K, used 7575K [0x00000006c3600000, 0x00000006c9300000, 0x000000076bd00000)
  object space 95232K, 7% used [0x00000006c3600000,0x00000006c3d65ed0,0x00000006c9300000)
 Metaspace       used 29269K, capacity 30508K, committed 30768K, reserved 1075200K
  class space    used 3856K, capacity 4133K, committed 4144K, reserved 1048576K
Event: 3.299 GC heap after
Heap after GC invocations=6 (full 1):
 PSYoungGen      total 138240K, used 10737K [0x000000076bd00000, 0x0000000777580000, 0x00000007c0000000)
  eden space 127488K, 0% used [0x000000076bd00000,0x000000076bd00000,0x0000000773980000)
  from space 10752K, 99% used [0x0000000773980000,0x00000007743fc460,0x0000000774400000)
  to   space 11264K, 0% used [0x0000000776a80000,0x0000000776a80000,0x0000000777580000)
 ParOldGen       total 95232K, used 8431K [0x00000006c3600000, 0x00000006c9300000, 0x000000076bd00000)
  object space 95232K, 8% used [0x00000006c3600000,0x00000006c3e3bd70,0x00000006c9300000)
 Metaspace       used 29269K, capacity 30508K, committed 30768K, reserved 1075200K
  class space    used 3856K, capacity 4133K, committed 4144K, reserved 1048576K
}
Event: 4.511 GC heap before
{Heap before GC invocations=7 (full 1):
 PSYoungGen      total 138240K, used 70055K [0x000000076bd00000, 0x0000000777580000, 0x00000007c0000000)
  eden space 127488K, 46% used [0x000000076bd00000,0x000000076f6edb58,0x0000000773980000)
  from space 10752K, 99% used [0x0000000773980000,0x00000007743fc460,0x0000000774400000)
  to   space 11264K, 0% used [0x0000000776a80000,0x0000000776a80000,0x0000000777580000)
 ParOldGen       total 95232K, used 8431K [0x00000006c3600000, 0x00000006c9300000, 0x000000076bd00000)
  object space 95232K, 8% used [0x00000006c3600000,0x00000006c3e3bd70,0x00000006c9300000)
 Metaspace       used 33709K, capacity 35390K, committed 35496K, reserved 1079296K
  class space    used 4416K, capacity 4730K, committed 4784K, reserved 1048576K
Event: 4.521 GC heap after
Heap after GC invocations=7 (full 1):
 PSYoungGen      total 176640K, used 11247K [0x000000076bd00000, 0x0000000779600000, 0x00000007c0000000)
  eden space 165376K, 0% used [0x000000076bd00000,0x000000076bd00000,0x0000000775e80000)
  from space 11264K, 99% used [0x0000000776a80000,0x000000077757bcb0,0x0000000777580000)
  to   space 12288K, 0% used [0x0000000775e80000,0x0000000775e80000,0x0000000776a80000)
 ParOldGen       total 95232K, used 8581K [0x00000006c3600000, 0x00000006c9300000, 0x000000076bd00000)
  object space 95232K, 9% used [0x00000006c3600000,0x00000006c3e61510,0x00000006c9300000)
 Metaspace       used 33709K, capacity 35390K, committed 35496K, reserved 1079296K
  class space    used 4416K, capacity 4730K, committed 4784K, reserved 1048576K
}
Event: 4.521 GC heap before
{Heap before GC invocations=8 (full 2):
 PSYoungGen      total 176640K, used 11247K [0x000000076bd00000, 0x0000000779600000, 0x00000007c0000000)
  eden space 165376K, 0% used [0x000000076bd00000,0x000000076bd00000,0x0000000775e80000)
  from space 11264K, 99% used [0x0000000776a80000,0x000000077757bcb0,0x0000000777580000)
  to   space 12288K, 0% used [0x0000000775e80000,0x0000000775e80000,0x0000000776a80000)
 ParOldGen       total 95232K, used 8581K [0x00000006c3600000, 0x00000006c9300000, 0x000000076bd00000)
  object space 95232K, 9% used [0x00000006c3600000,0x00000006c3e61510,0x00000006c9300000)
 Metaspace       used 33709K, capacity 35390K, committed 35496K, reserved 1079296K
  class space    used 4416K, capacity 4730K, committed 4784K, reserved 1048576K
Event: 4.568 GC heap after
Heap after GC invocations=8 (full 2):
 PSYoungGen      total 176640K, used 0K [0x000000076bd00000, 0x0000000779600000, 0x00000007c0000000)
  eden space 165376K, 0% used [0x000000076bd00000,0x000000076bd00000,0x0000000775e80000)
  from space 11264K, 0% used [0x0000000776a80000,0x0000000776a80000,0x0000000777580000)
  to   space 12288K, 0% used [0x0000000775e80000,0x0000000775e80000,0x0000000776a80000)
 ParOldGen       total 146432K, used 16156K [0x00000006c3600000, 0x00000006cc500000, 0x000000076bd00000)
  object space 146432K, 11% used [0x00000006c3600000,0x00000006c45c72d0,0x00000006cc500000)
 Metaspace       used 33709K, capacity 35390K, committed 35496K, reserved 1079296K
  class space    used 4416K, capacity 4730K, committed 4784K, reserved 1048576K
}
Event: 7.366 GC heap before
{Heap before GC invocations=9 (full 2):
 PSYoungGen      total 176640K, used 165376K [0x000000076bd00000, 0x0000000779600000, 0x00000007c0000000)
  eden space 165376K, 100% used [0x000000076bd00000,0x0000000775e80000,0x0000000775e80000)
  from space 11264K, 0% used [0x0000000776a80000,0x0000000776a80000,0x0000000777580000)
  to   space 12288K, 0% used [0x0000000775e80000,0x0000000775e80000,0x0000000776a80000)
 ParOldGen       total 146432K, used 16156K [0x00000006c3600000, 0x00000006cc500000, 0x000000076bd00000)
  object space 146432K, 11% used [0x00000006c3600000,0x00000006c45c72d0,0x00000006cc500000)
 Metaspace       used 41325K, capacity 43766K, committed 43944K, reserved 1087488K
  class space    used 5517K, capacity 5962K, committed 6064K, reserved 1048576K
Event: 9.393 GC heap after
Heap after GC invocations=9 (full 2):
 PSYoungGen      total 177664K, used 12275K [0x000000076bd00000, 0x0000000779600000, 0x00000007c0000000)
  eden space 165376K, 0% used [0x000000076bd00000,0x000000076bd00000,0x0000000775e80000)
  from space 12288K, 99% used [0x0000000775e80000,0x0000000776a7cce8,0x0000000776a80000)
  to   space 11264K, 0% used [0x0000000776a80000,0x0000000776a80000,0x0000000777580000)
 ParOldGen       total 146432K, used 23258K [0x00000006c3600000, 0x00000006cc500000, 0x000000076bd00000)
  object space 146432K, 15% used [0x00000006c3600000,0x00000006c4cb6a18,0x00000006cc500000)
 Metaspace       used 41325K, capacity 43766K, committed 43944K, reserved 1087488K
  class space    used 5517K, capacity 5962K, committed 6064K, reserved 1048576K
}
Event: 9.814 GC heap before
{Heap before GC invocations=10 (full 2):
 PSYoungGen      total 177664K, used 177651K [0x000000076bd00000, 0x0000000779600000, 0x00000007c0000000)
  eden space 165376K, 100% used [0x000000076bd00000,0x0000000775e80000,0x0000000775e80000)
  from space 12288K, 99% used [0x0000000775e80000,0x0000000776a7cce8,0x0000000776a80000)
  to   space 11264K, 0% used [0x0000000776a80000,0x0000000776a80000,0x0000000777580000)
 ParOldGen       total 146432K, used 23258K [0x00000006c3600000, 0x00000006cc500000, 0x000000076bd00000)
  object space 146432K, 15% used [0x00000006c3600000,0x00000006c4cb6a18,0x00000006cc500000)
 Metaspace       used 41918K, capacity 44432K, committed 44456K, reserved 1087488K
  class space    used 5578K, capacity 6045K, committed 6064K, reserved 1048576K
Event: 10.848 GC heap after
Heap after GC invocations=10 (full 2):
 PSYoungGen      total 164352K, used 11235K [0x000000076bd00000, 0x000000077da00000, 0x00000007c0000000)
  eden space 153088K, 0% used [0x000000076bd00000,0x000000076bd00000,0x0000000775280000)
  from space 11264K, 99% used [0x0000000776a80000,0x0000000777578d78,0x0000000777580000)
  to   space 24576K, 0% used [0x0000000775280000,0x0000000775280000,0x0000000776a80000)
 ParOldGen       total 146432K, used 42058K [0x00000006c3600000, 0x00000006cc500000, 0x000000076bd00000)
  object space 146432K, 28% used [0x00000006c3600000,0x00000006c5f129c8,0x00000006cc500000)
 Metaspace       used 41918K, capacity 44432K, committed 44456K, reserved 1087488K
  class space    used 5578K, capacity 6045K, committed 6064K, reserved 1048576K
}

