# JRE version: Java(TM) SE Runtime Environment (8.0_202-b08) (build 1.8.0_202-b08)
# Java VM: Java HotSpot(TM) 64-Bit Server VM (25.202-b08 mixed mode windows-amd64 compressed oops)
Heap:
 PSYoungGen      total 72704K, used 12030K [0x00000000fab00000, 0x0000000100000000, 0x0000000100000000)
  eden space 64000K, 5% used [0x00000000fab00000,0x00000000fae43758,0x00000000fe980000)
  from space 8704K, 99% used [0x00000000ff380000,0x00000000ffbfc480,0x00000000ffc00000)
  to   space 10240K, 0% used [0x00000000fe980000,0x00000000fe980000,0x00000000ff380000)
 ParOldGen       total 97792K, used 9602K [0x00000000f0000000, 0x00000000f5f80000, 0x00000000fab00000)
  object space 97792K, 9% used [0x00000000f0000000,0x00000000f09609f0,0x00000000f5f80000)
 Metaspace       used 32068K, capacity 33718K, committed 33792K, reserved 1079296K
  class space    used 4256K, capacity 4562K, committed 4608K, reserved 1048576K
GC Heap History (10 events):
Event: 1.491 GC heap before
{Heap before GC invocations=3 (full 0):
 PSYoungGen      total 75776K, used 32608K [0x00000000fab00000, 0x0000000100000000, 0x0000000100000000)
  eden space 65024K, 37% used [0x00000000fab00000,0x00000000fc28ad98,0x00000000fea80000)
  from space 10752K, 79% used [0x00000000ff500000,0x00000000ffd4d498,0x00000000fff80000)
  to   space 10752K, 0% used [0x00000000fea80000,0x00000000fea80000,0x00000000ff500000)
 ParOldGen       total 173568K, used 24K [0x00000000f0000000, 0x00000000fa980000, 0x00000000fab00000)
  object space 173568K, 0% used [0x00000000f0000000,0x00000000f0006000,0x00000000fa980000)
 Metaspace       used 20317K, capacity 21146K, committed 21296K, reserved 1067008K
  class space    used 2634K, capacity 2832K, committed 2944K, reserved 1048576K
Event: 1.494 GC heap after
Heap after GC invocations=3 (full 0):
 PSYoungGen      total 75776K, used 7894K [0x00000000fab00000, 0x0000000100000000, 0x0000000100000000)
  eden space 65024K, 0% used [0x00000000fab00000,0x00000000fab00000,0x00000000fea80000)
  from space 10752K, 73% used [0x00000000fea80000,0x00000000ff2359e8,0x00000000ff500000)
  to   space 10752K, 0% used [0x00000000ff580000,0x00000000ff580000,0x0000000100000000)
 ParOldGen       total 173568K, used 32K [0x00000000f0000000, 0x00000000fa980000, 0x00000000fab00000)
  object space 173568K, 0% used [0x00000000f0000000,0x00000000f0008000,0x00000000fa980000)
 Metaspace       used 20317K, capacity 21146K, committed 21296K, reserved 1067008K
  class space    used 2634K, capacity 2832K, committed 2944K, reserved 1048576K
}
Event: 1.494 GC heap before
{Heap before GC invocations=4 (full 1):
 PSYoungGen      total 75776K, used 7894K [0x00000000fab00000, 0x0000000100000000, 0x0000000100000000)
  eden space 65024K, 0% used [0x00000000fab00000,0x00000000fab00000,0x00000000fea80000)
  from space 10752K, 73% used [0x00000000fea80000,0x00000000ff2359e8,0x00000000ff500000)
  to   space 10752K, 0% used [0x00000000ff580000,0x00000000ff580000,0x0000000100000000)
 ParOldGen       total 173568K, used 32K [0x00000000f0000000, 0x00000000fa980000, 0x00000000fab00000)
  object space 173568K, 0% used [0x00000000f0000000,0x00000000f0008000,0x00000000fa980000)
 Metaspace       used 20317K, capacity 21146K, committed 21296K, reserved 1067008K
  class space    used 2634K, capacity 2832K, committed 2944K, reserved 1048576K
Event: 1.510 GC heap after
Heap after GC invocations=4 (full 1):
 PSYoungGen      total 75776K, used 0K [0x00000000fab00000, 0x0000000100000000, 0x0000000100000000)
  eden space 65024K, 0% used [0x00000000fab00000,0x00000000fab00000,0x00000000fea80000)
  from space 10752K, 0% used [0x00000000fea80000,0x00000000fea80000,0x00000000ff500000)
  to   space 10752K, 0% used [0x00000000ff580000,0x00000000ff580000,0x0000000100000000)
 ParOldGen       total 97792K, used 7517K [0x00000000f0000000, 0x00000000f5f80000, 0x00000000fab00000)
  object space 97792K, 7% used [0x00000000f0000000,0x00000000f0757758,0x00000000f5f80000)
 Metaspace       used 20317K, capacity 21146K, committed 21296K, reserved 1067008K
  class space    used 2634K, capacity 2832K, committed 2944K, reserved 1048576K
}
Event: 2.817 GC heap before
{Heap before GC invocations=5 (full 1):
 PSYoungGen      total 75776K, used 65024K [0x00000000fab00000, 0x0000000100000000, 0x0000000100000000)
  eden space 65024K, 100% used [0x00000000fab00000,0x00000000fea80000,0x00000000fea80000)
  from space 10752K, 0% used [0x00000000fea80000,0x00000000fea80000,0x00000000ff500000)
  to   space 10752K, 0% used [0x00000000ff580000,0x00000000ff580000,0x0000000100000000)
 ParOldGen       total 97792K, used 7517K [0x00000000f0000000, 0x00000000f5f80000, 0x00000000fab00000)
  object space 97792K, 7% used [0x00000000f0000000,0x00000000f0757758,0x00000000f5f80000)
 Metaspace       used 24786K, capacity 25820K, committed 26112K, reserved 1071104K
  class space    used 3249K, capacity 3471K, committed 3584K, reserved 1048576K
Event: 2.821 GC heap after
Heap after GC invocations=5 (full 1):
 PSYoungGen      total 76288K, used 7746K [0x00000000fab00000, 0x0000000100000000, 0x0000000100000000)
  eden space 65536K, 0% used [0x00000000fab00000,0x00000000fab00000,0x00000000feb00000)
  from space 10752K, 72% used [0x00000000ff580000,0x00000000ffd10888,0x0000000100000000)
  to   space 10752K, 0% used [0x00000000feb00000,0x00000000feb00000,0x00000000ff580000)
 ParOldGen       total 97792K, used 7525K [0x00000000f0000000, 0x00000000f5f80000, 0x00000000fab00000)
  object space 97792K, 7% used [0x00000000f0000000,0x00000000f0759758,0x00000000f5f80000)
 Metaspace       used 24786K, capacity 25820K, committed 26112K, reserved 1071104K
  class space    used 3249K, capacity 3471K, committed 3584K, reserved 1048576K
}
Event: 3.456 GC heap before
{Heap before GC invocations=6 (full 1):
 PSYoungGen      total 76288K, used 73282K [0x00000000fab00000, 0x0000000100000000, 0x0000000100000000)
  eden space 65536K, 100% used [0x00000000fab00000,0x00000000feb00000,0x00000000feb00000)
  from space 10752K, 72% used [0x00000000ff580000,0x00000000ffd10888,0x0000000100000000)
  to   space 10752K, 0% used [0x00000000feb00000,0x00000000feb00000,0x00000000ff580000)
 ParOldGen       total 97792K, used 7525K [0x00000000f0000000, 0x00000000f5f80000, 0x00000000fab00000)
  object space 97792K, 7% used [0x00000000f0000000,0x00000000f0759758,0x00000000f5f80000)
 Metaspace       used 27383K, capacity 28554K, committed 28672K, reserved 1075200K
  class space    used 3570K, capacity 3836K, committed 3840K, reserved 1048576K
Event: 3.462 GC heap after
Heap after GC invocations=6 (full 1):
 PSYoungGen      total 74240K, used 8299K [0x00000000fab00000, 0x00000000ffc00000, 0x0000000100000000)
  eden space 65536K, 0% used [0x00000000fab00000,0x00000000fab00000,0x00000000feb00000)
  from space 8704K, 95% used [0x00000000feb00000,0x00000000ff31ac98,0x00000000ff380000)
  to   space 8704K, 0% used [0x00000000ff380000,0x00000000ff380000,0x00000000ffc00000)
 ParOldGen       total 97792K, used 7533K [0x00000000f0000000, 0x00000000f5f80000, 0x00000000fab00000)
  object space 97792K, 7% used [0x00000000f0000000,0x00000000f075b758,0x00000000f5f80000)
 Metaspace       used 27383K, capacity 28554K, committed 28672K, reserved 1075200K
  class space    used 3570K, capacity 3836K, committed 3840K, reserved 1048576K
}
Event: 4.984 GC heap before
{Heap before GC invocations=7 (full 1):
 PSYoungGen      total 74240K, used 73835K [0x00000000fab00000, 0x00000000ffc00000, 0x0000000100000000)
  eden space 65536K, 100% used [0x00000000fab00000,0x00000000feb00000,0x00000000feb00000)
  from space 8704K, 95% used [0x00000000feb00000,0x00000000ff31ac98,0x00000000ff380000)
  to   space 8704K, 0% used [0x00000000ff380000,0x00000000ff380000,0x00000000ffc00000)
 ParOldGen       total 97792K, used 7533K [0x00000000f0000000, 0x00000000f5f80000, 0x00000000fab00000)
  object space 97792K, 7% used [0x00000000f0000000,0x00000000f075b758,0x00000000f5f80000)
 Metaspace       used 31598K, capacity 33302K, committed 33536K, reserved 1079296K
  class space    used 4205K, capacity 4530K, committed 4608K, reserved 1048576K
Event: 4.990 GC heap after
Heap after GC invocations=7 (full 1):
 PSYoungGen      total 72704K, used 8689K [0x00000000fab00000, 0x0000000100000000, 0x0000000100000000)
  eden space 64000K, 0% used [0x00000000fab00000,0x00000000fab00000,0x00000000fe980000)
  from space 8704K, 99% used [0x00000000ff380000,0x00000000ffbfc480,0x00000000ffc00000)
  to   space 10240K, 0% used [0x00000000fe980000,0x00000000fe980000,0x00000000ff380000)
 ParOldGen       total 97792K, used 9602K [0x00000000f0000000, 0x00000000f5f80000, 0x00000000fab00000)
  object space 97792K, 9% used [0x00000000f0000000,0x00000000f09609f0,0x00000000f5f80000)
 Metaspace       used 31598K, capacity 33302K, committed 33536K, reserved 1079296K
  class space    used 4205K, capacity 4530K, committed 4608K, reserved 1048576K
}

