# JRE version: Java(TM) SE Runtime Environment (8.0_202-b08) (build 1.8.0_202-b08)
# Java VM: Java HotSpot(TM) 64-Bit Server VM (25.202-b08 mixed mode windows-amd64 compressed oops)
Heap:
 PSYoungGen      total 336384K, used 217795K [0x000000076c180000, 0x0000000782c80000, 0x00000007c0000000)
  eden space 323072K, 64% used [0x000000076c180000,0x0000000778e6c568,0x000000077fd00000)
  from space 13312K, 59% used [0x0000000780a00000,0x00000007811c4808,0x0000000781700000)
  to   space 13312K, 0% used [0x000000077fd00000,0x000000077fd00000,0x0000000780a00000)
 ParOldGen       total 120320K, used 15909K [0x00000006c4400000, 0x00000006cb980000, 0x000000076c180000)
  object space 120320K, 13% used [0x00000006c4400000,0x00000006c53897b8,0x00000006cb980000)
 Metaspace       used 51611K, capacity 54530K, committed 54824K, reserved 1097728K
  class space    used 6886K, capacity 7406K, committed 7472K, reserved 1048576K
GC Heap History (10 events):
Event: 35.845 GC heap before
{Heap before GC invocations=6 (full 1):
 PSYoungGen      total 123904K, used 123512K [0x000000076c180000, 0x0000000775200000, 0x00000007c0000000)
  eden space 115712K, 100% used [0x000000076c180000,0x0000000773280000,0x0000000773280000)
  from space 8192K, 95% used [0x0000000774a00000,0x000000077519e1d0,0x0000000775200000)
  to   space 10752K, 0% used [0x0000000773d00000,0x0000000773d00000,0x0000000774780000)
 ParOldGen       total 83456K, used 7606K [0x00000006c4400000, 0x00000006c9580000, 0x000000076c180000)
  object space 83456K, 9% used [0x00000006c4400000,0x00000006c4b6da00,0x00000006c9580000)
 Metaspace       used 30011K, capacity 31206K, committed 31408K, reserved 1077248K
  class space    used 3955K, capacity 4206K, committed 4272K, reserved 1048576K
Event: 35.874 GC heap after
Heap after GC invocations=6 (full 1):
 PSYoungGen      total 137216K, used 10740K [0x000000076c180000, 0x0000000779f80000, 0x00000007c0000000)
  eden space 126464K, 0% used [0x000000076c180000,0x000000076c180000,0x0000000773d00000)
  from space 10752K, 99% used [0x0000000773d00000,0x000000077477d3e8,0x0000000774780000)
  to   space 11776K, 0% used [0x0000000779400000,0x0000000779400000,0x0000000779f80000)
 ParOldGen       total 83456K, used 9142K [0x00000006c4400000, 0x00000006c9580000, 0x000000076c180000)
  object space 83456K, 10% used [0x00000006c4400000,0x00000006c4cedb60,0x00000006c9580000)
 Metaspace       used 30011K, capacity 31206K, committed 31408K, reserved 1077248K
  class space    used 3955K, capacity 4206K, committed 4272K, reserved 1048576K
}
Event: 42.641 GC heap before
{Heap before GC invocations=7 (full 1):
 PSYoungGen      total 137216K, used 62159K [0x000000076c180000, 0x0000000779f80000, 0x00000007c0000000)
  eden space 126464K, 40% used [0x000000076c180000,0x000000076f3b6b30,0x0000000773d00000)
  from space 10752K, 99% used [0x0000000773d00000,0x000000077477d3e8,0x0000000774780000)
  to   space 11776K, 0% used [0x0000000779400000,0x0000000779400000,0x0000000779f80000)
 ParOldGen       total 83456K, used 9142K [0x00000006c4400000, 0x00000006c9580000, 0x000000076c180000)
  object space 83456K, 10% used [0x00000006c4400000,0x00000006c4cedb60,0x00000006c9580000)
 Metaspace       used 33754K, capacity 35398K, committed 35496K, reserved 1079296K
  class space    used 4414K, capacity 4730K, committed 4784K, reserved 1048576K
Event: 42.671 GC heap after
Heap after GC invocations=7 (full 1):
 PSYoungGen      total 215040K, used 11229K [0x000000076c180000, 0x000000077af80000, 0x00000007c0000000)
  eden space 203264K, 0% used [0x000000076c180000,0x000000076c180000,0x0000000778800000)
  from space 11776K, 95% used [0x0000000779400000,0x0000000779ef7530,0x0000000779f80000)
  to   space 12288K, 0% used [0x0000000778800000,0x0000000778800000,0x0000000779400000)
 ParOldGen       total 83456K, used 9150K [0x00000006c4400000, 0x00000006c9580000, 0x000000076c180000)
  object space 83456K, 10% used [0x00000006c4400000,0x00000006c4cefb60,0x00000006c9580000)
 Metaspace       used 33754K, capacity 35398K, committed 35496K, reserved 1079296K
  class space    used 4414K, capacity 4730K, committed 4784K, reserved 1048576K
}
Event: 42.671 GC heap before
{Heap before GC invocations=8 (full 2):
 PSYoungGen      total 215040K, used 11229K [0x000000076c180000, 0x000000077af80000, 0x00000007c0000000)
  eden space 203264K, 0% used [0x000000076c180000,0x000000076c180000,0x0000000778800000)
  from space 11776K, 95% used [0x0000000779400000,0x0000000779ef7530,0x0000000779f80000)
  to   space 12288K, 0% used [0x0000000778800000,0x0000000778800000,0x0000000779400000)
 ParOldGen       total 83456K, used 9150K [0x00000006c4400000, 0x00000006c9580000, 0x000000076c180000)
  object space 83456K, 10% used [0x00000006c4400000,0x00000006c4cefb60,0x00000006c9580000)
 Metaspace       used 33754K, capacity 35398K, committed 35496K, reserved 1079296K
  class space    used 4414K, capacity 4730K, committed 4784K, reserved 1048576K
Event: 42.797 GC heap after
Heap after GC invocations=8 (full 2):
 PSYoungGen      total 215040K, used 0K [0x000000076c180000, 0x000000077af80000, 0x00000007c0000000)
  eden space 203264K, 0% used [0x000000076c180000,0x000000076c180000,0x0000000778800000)
  from space 11776K, 0% used [0x0000000779400000,0x0000000779400000,0x0000000779f80000)
  to   space 12288K, 0% used [0x0000000778800000,0x0000000778800000,0x0000000779400000)
 ParOldGen       total 120320K, used 15893K [0x00000006c4400000, 0x00000006cb980000, 0x000000076c180000)
  object space 120320K, 13% used [0x00000006c4400000,0x00000006c53857b8,0x00000006cb980000)
 Metaspace       used 33754K, capacity 35398K, committed 35496K, reserved 1079296K
  class space    used 4414K, capacity 4730K, committed 4784K, reserved 1048576K
}
Event: 57.912 GC heap before
{Heap before GC invocations=9 (full 2):
 PSYoungGen      total 215040K, used 203264K [0x000000076c180000, 0x000000077af80000, 0x00000007c0000000)
  eden space 203264K, 100% used [0x000000076c180000,0x0000000778800000,0x0000000778800000)
  from space 11776K, 0% used [0x0000000779400000,0x0000000779400000,0x0000000779f80000)
  to   space 12288K, 0% used [0x0000000778800000,0x0000000778800000,0x0000000779400000)
 ParOldGen       total 120320K, used 15893K [0x00000006c4400000, 0x00000006cb980000, 0x000000076c180000)
  object space 120320K, 13% used [0x00000006c4400000,0x00000006c53857b8,0x00000006cb980000)
 Metaspace       used 41585K, capacity 44052K, committed 44200K, reserved 1087488K
  class space    used 5529K, capacity 5965K, committed 6064K, reserved 1048576K
Event: 57.929 GC heap after
Heap after GC invocations=9 (full 2):
 PSYoungGen      total 215552K, used 11638K [0x000000076c180000, 0x0000000781700000, 0x00000007c0000000)
  eden space 203264K, 0% used [0x000000076c180000,0x000000076c180000,0x0000000778800000)
  from space 12288K, 94% used [0x0000000778800000,0x000000077935da68,0x0000000779400000)
  to   space 13312K, 0% used [0x0000000780a00000,0x0000000780a00000,0x0000000781700000)
 ParOldGen       total 120320K, used 15901K [0x00000006c4400000, 0x00000006cb980000, 0x000000076c180000)
  object space 120320K, 13% used [0x00000006c4400000,0x00000006c53877b8,0x00000006cb980000)
 Metaspace       used 41585K, capacity 44052K, committed 44200K, reserved 1087488K
  class space    used 5529K, capacity 5965K, committed 6064K, reserved 1048576K
}
Event: 59.202 GC heap before
{Heap before GC invocations=10 (full 2):
 PSYoungGen      total 215552K, used 214902K [0x000000076c180000, 0x0000000781700000, 0x00000007c0000000)
  eden space 203264K, 100% used [0x000000076c180000,0x0000000778800000,0x0000000778800000)
  from space 12288K, 94% used [0x0000000778800000,0x000000077935da68,0x0000000779400000)
  to   space 13312K, 0% used [0x0000000780a00000,0x0000000780a00000,0x0000000781700000)
 ParOldGen       total 120320K, used 15901K [0x00000006c4400000, 0x00000006cb980000, 0x000000076c180000)
  object space 120320K, 13% used [0x00000006c4400000,0x00000006c53877b8,0x00000006cb980000)
 Metaspace       used 42099K, capacity 44616K, committed 44712K, reserved 1087488K
  class space    used 5587K, capacity 6063K, committed 6064K, reserved 1048576K
Event: 59.230 GC heap after
Heap after GC invocations=10 (full 2):
 PSYoungGen      total 336384K, used 7954K [0x000000076c180000, 0x0000000782c80000, 0x00000007c0000000)
  eden space 323072K, 0% used [0x000000076c180000,0x000000076c180000,0x000000077fd00000)
  from space 13312K, 59% used [0x0000000780a00000,0x00000007811c4808,0x0000000781700000)
  to   space 13312K, 0% used [0x000000077fd00000,0x000000077fd00000,0x0000000780a00000)
 ParOldGen       total 120320K, used 15909K [0x00000006c4400000, 0x00000006cb980000, 0x000000076c180000)
  object space 120320K, 13% used [0x00000006c4400000,0x00000006c53897b8,0x00000006cb980000)
 Metaspace       used 42099K, capacity 44616K, committed 44712K, reserved 1087488K
  class space    used 5587K, capacity 6063K, committed 6064K, reserved 1048576K
}

