# JRE version: Java(TM) SE Runtime Environment (8.0_202-b08) (build 1.8.0_202-b08)
# Java VM: Java HotSpot(TM) 64-Bit Server VM (25.202-b08 mixed mode windows-amd64 compressed oops)
Heap:
 PSYoungGen      total 460800K, used 246969K [0x000000076bd00000, 0x000000078ba80000, 0x00000007c0000000)
  eden space 445440K, 55% used [0x000000076bd00000,0x000000077ae2e628,0x0000000787000000)
  from space 15360K, 0% used [0x0000000788a00000,0x0000000788a00000,0x0000000789900000)
  to   space 27136K, 0% used [0x000000078a000000,0x000000078a000000,0x000000078ba80000)
 ParOldGen       total 227840K, used 37913K [0x00000006c3600000, 0x00000006d1480000, 0x000000076bd00000)
  object space 227840K, 16% used [0x00000006c3600000,0x00000006c5b06438,0x00000006d1480000)
 Metaspace       used 67708K, capacity 71802K, committed 72064K, reserved 1112064K
  class space    used 9548K, capacity 10283K, committed 10368K, reserved 1048576K
GC Heap History (10 events):
Event: 17.647 GC heap before
{Heap before GC invocations=9 (full 2):
 PSYoungGen      total 344576K, used 303453K [0x000000076bd00000, 0x0000000787080000, 0x00000007c0000000)
  eden space 325120K, 93% used [0x000000076bd00000,0x000000077e557768,0x000000077fa80000)
  from space 19456K, 0% used [0x0000000780e80000,0x0000000780e80000,0x0000000782180000)
  to   space 20480K, 0% used [0x000000077fa80000,0x000000077fa80000,0x0000000780e80000)
 ParOldGen       total 155136K, used 21795K [0x00000006c3600000, 0x00000006ccd80000, 0x000000076bd00000)
  object space 155136K, 14% used [0x00000006c3600000,0x00000006c4b48da8,0x00000006ccd80000)
 Metaspace       used 55779K, capacity 59008K, committed 59028K, reserved 1099776K
  class space    used 7847K, capacity 8431K, committed 8448K, reserved 1048576K
Event: 17.687 GC heap after
Heap after GC invocations=9 (full 2):
 PSYoungGen      total 345600K, used 20475K [0x000000076bd00000, 0x000000078d500000, 0x00000007c0000000)
  eden space 325120K, 0% used [0x000000076bd00000,0x000000076bd00000,0x000000077fa80000)
  from space 20480K, 99% used [0x000000077fa80000,0x0000000780e7ec48,0x0000000780e80000)
  to   space 27648K, 0% used [0x000000078ba00000,0x000000078ba00000,0x000000078d500000)
 ParOldGen       total 155136K, used 29248K [0x00000006c3600000, 0x00000006ccd80000, 0x000000076bd00000)
  object space 155136K, 18% used [0x00000006c3600000,0x00000006c5290348,0x00000006ccd80000)
 Metaspace       used 55779K, capacity 59008K, committed 59028K, reserved 1099776K
  class space    used 7847K, capacity 8431K, committed 8448K, reserved 1048576K
}
Event: 17.687 GC heap before
{Heap before GC invocations=10 (full 3):
 PSYoungGen      total 345600K, used 20475K [0x000000076bd00000, 0x000000078d500000, 0x00000007c0000000)
  eden space 325120K, 0% used [0x000000076bd00000,0x000000076bd00000,0x000000077fa80000)
  from space 20480K, 99% used [0x000000077fa80000,0x0000000780e7ec48,0x0000000780e80000)
  to   space 27648K, 0% used [0x000000078ba00000,0x000000078ba00000,0x000000078d500000)
 ParOldGen       total 155136K, used 29248K [0x00000006c3600000, 0x00000006ccd80000, 0x000000076bd00000)
  object space 155136K, 18% used [0x00000006c3600000,0x00000006c5290348,0x00000006ccd80000)
 Metaspace       used 55779K, capacity 59008K, committed 59028K, reserved 1099776K
  class space    used 7847K, capacity 8431K, committed 8448K, reserved 1048576K
Event: 17.876 GC heap after
Heap after GC invocations=10 (full 3):
 PSYoungGen      total 345600K, used 0K [0x000000076bd00000, 0x000000078d500000, 0x00000007c0000000)
  eden space 325120K, 0% used [0x000000076bd00000,0x000000076bd00000,0x000000077fa80000)
  from space 20480K, 0% used [0x000000077fa80000,0x000000077fa80000,0x0000000780e80000)
  to   space 27648K, 0% used [0x000000078ba00000,0x000000078ba00000,0x000000078d500000)
 ParOldGen       total 227840K, used 44612K [0x00000006c3600000, 0x00000006d1480000, 0x000000076bd00000)
  object space 227840K, 19% used [0x00000006c3600000,0x00000006c6191040,0x00000006d1480000)
 Metaspace       used 55772K, capacity 58996K, committed 59028K, reserved 1099776K
  class space    used 7845K, capacity 8429K, committed 8448K, reserved 1048576K
}
Event: 18.987 GC heap before
{Heap before GC invocations=11 (full 3):
 PSYoungGen      total 345600K, used 325120K [0x000000076bd00000, 0x000000078d500000, 0x00000007c0000000)
  eden space 325120K, 100% used [0x000000076bd00000,0x000000077fa80000,0x000000077fa80000)
  from space 20480K, 0% used [0x000000077fa80000,0x000000077fa80000,0x0000000780e80000)
  to   space 27648K, 0% used [0x000000078ba00000,0x000000078ba00000,0x000000078d500000)
 ParOldGen       total 227840K, used 44612K [0x00000006c3600000, 0x00000006d1480000, 0x000000076bd00000)
  object space 227840K, 19% used [0x00000006c3600000,0x00000006c6191040,0x00000006d1480000)
 Metaspace       used 57465K, capacity 61012K, committed 61312K, reserved 1101824K
  class space    used 8085K, capacity 8727K, committed 8832K, reserved 1048576K
Event: 18.999 GC heap after
Heap after GC invocations=11 (full 3):
 PSYoungGen      total 451584K, used 5914K [0x000000076bd00000, 0x000000078c000000, 0x00000007c0000000)
  eden space 445440K, 0% used [0x000000076bd00000,0x000000076bd00000,0x0000000787000000)
  from space 6144K, 96% used [0x000000078ba00000,0x000000078bfc6bb8,0x000000078c000000)
  to   space 27648K, 0% used [0x0000000788a00000,0x0000000788a00000,0x000000078a500000)
 ParOldGen       total 227840K, used 44620K [0x00000006c3600000, 0x00000006d1480000, 0x000000076bd00000)
  object space 227840K, 19% used [0x00000006c3600000,0x00000006c6193040,0x00000006d1480000)
 Metaspace       used 57465K, capacity 61012K, committed 61312K, reserved 1101824K
  class space    used 8085K, capacity 8727K, committed 8832K, reserved 1048576K
}
Event: 112.106 GC heap before
{Heap before GC invocations=12 (full 3):
 PSYoungGen      total 451584K, used 447363K [0x000000076bd00000, 0x000000078c000000, 0x00000007c0000000)
  eden space 445440K, 99% used [0x000000076bd00000,0x0000000786c1a2c8,0x0000000787000000)
  from space 6144K, 96% used [0x000000078ba00000,0x000000078bfc6bb8,0x000000078c000000)
  to   space 27648K, 0% used [0x0000000788a00000,0x0000000788a00000,0x000000078a500000)
 ParOldGen       total 227840K, used 44620K [0x00000006c3600000, 0x00000006d1480000, 0x000000076bd00000)
  object space 227840K, 19% used [0x00000006c3600000,0x00000006c6193040,0x00000006d1480000)
 Metaspace       used 67256K, capacity 71332K, committed 71424K, reserved 1110016K
  class space    used 9502K, capacity 10228K, committed 10240K, reserved 1048576K
Event: 112.129 GC heap after
Heap after GC invocations=12 (full 3):
 PSYoungGen      total 460800K, used 15069K [0x000000076bd00000, 0x000000078ba80000, 0x00000007c0000000)
  eden space 445440K, 0% used [0x000000076bd00000,0x000000076bd00000,0x0000000787000000)
  from space 15360K, 98% used [0x0000000788a00000,0x00000007898b7788,0x0000000789900000)
  to   space 27136K, 0% used [0x000000078a000000,0x000000078a000000,0x000000078ba80000)
 ParOldGen       total 227840K, used 44628K [0x00000006c3600000, 0x00000006d1480000, 0x000000076bd00000)
  object space 227840K, 19% used [0x00000006c3600000,0x00000006c6195040,0x00000006d1480000)
 Metaspace       used 67256K, capacity 71332K, committed 71424K, reserved 1110016K
  class space    used 9502K, capacity 10228K, committed 10240K, reserved 1048576K
}
Event: 112.129 GC heap before
{Heap before GC invocations=13 (full 4):
 PSYoungGen      total 460800K, used 15069K [0x000000076bd00000, 0x000000078ba80000, 0x00000007c0000000)
  eden space 445440K, 0% used [0x000000076bd00000,0x000000076bd00000,0x0000000787000000)
  from space 15360K, 98% used [0x0000000788a00000,0x00000007898b7788,0x0000000789900000)
  to   space 27136K, 0% used [0x000000078a000000,0x000000078a000000,0x000000078ba80000)
 ParOldGen       total 227840K, used 44628K [0x00000006c3600000, 0x00000006d1480000, 0x000000076bd00000)
  object space 227840K, 19% used [0x00000006c3600000,0x00000006c6195040,0x00000006d1480000)
 Metaspace       used 67256K, capacity 71332K, committed 71424K, reserved 1110016K
  class space    used 9502K, capacity 10228K, committed 10240K, reserved 1048576K
Event: 112.396 GC heap after
Heap after GC invocations=13 (full 4):
 PSYoungGen      total 460800K, used 0K [0x000000076bd00000, 0x000000078ba80000, 0x00000007c0000000)
  eden space 445440K, 0% used [0x000000076bd00000,0x000000076bd00000,0x0000000787000000)
  from space 15360K, 0% used [0x0000000788a00000,0x0000000788a00000,0x0000000789900000)
  to   space 27136K, 0% used [0x000000078a000000,0x000000078a000000,0x000000078ba80000)
 ParOldGen       total 227840K, used 37913K [0x00000006c3600000, 0x00000006d1480000, 0x000000076bd00000)
  object space 227840K, 16% used [0x00000006c3600000,0x00000006c5b06438,0x00000006d1480000)
 Metaspace       used 67256K, capacity 71332K, committed 71424K, reserved 1110016K
  class space    used 9502K, capacity 10228K, committed 10240K, reserved 1048576K
}

